***********************************************
Device Utilization for EP2C35F672C
***********************************************
Resource                Used    Avail   Utilization
-----------------------------------------------
IOs                     115     475      24.21%
LUTs                    382     33216     1.15%
Registers               447     33216     1.35%
Memory Bits             6144    483340    1.27%
DSP block 9-bit elems   0       70        0.00%

-----------------------------------------------

**************************************************************

Library: OPERATORS    Cell: ram_dq_8_2    View: IMPLEMENTATION

**************************************************************

  Cell                     Library  References     Total Area

 VCC                       cycloneii     1 x
 altsyncram_8_8_256_2_2    OPERATORS     1 x

 Number of ports :                      31
 Number of nets :                       27
 Number of instances :                   2
 Number of references to this view :     1

Total accumulated area : 
 Number of Memory Bits :              2048
 Number of accumulated instances :       2

**************************************************************

Library: OPERATORS    Cell: ram_dq_8_1    View: IMPLEMENTATION

**************************************************************

  Cell                     Library  References     Total Area

 VCC                       cycloneii     1 x
 altsyncram_8_8_256_2_1    OPERATORS     1 x

 Number of ports :                      31
 Number of nets :                       27
 Number of instances :                   2
 Number of references to this view :     1

Total accumulated area : 
 Number of Memory Bits :              2048
 Number of accumulated instances :       2

**************************************************************

Library: OPERATORS    Cell: ram_dq_8_0    View: IMPLEMENTATION

**************************************************************

  Cell                     Library  References     Total Area

 VCC                       cycloneii     1 x
 altsyncram_8_8_256_2_0    OPERATORS     1 x

 Number of ports :                      31
 Number of nets :                       27
 Number of instances :                   2
 Number of references to this view :     1

Total accumulated area : 
 Number of Memory Bits :              2048
 Number of accumulated instances :       2

************************************************************

Library: OPERATORS    Cell: sub_12_0    View: IMPLEMENTATION

************************************************************

  Cell                   Library  References     Total Area

 VCC                     cycloneii     1 x
 cycloneii_lcell_comb    cycloneii    13 x      1     13 LUTs

 Number of ports :                      39
 Number of nets :                       43
 Number of instances :                  14
 Number of references to this view :     1

Total accumulated area : 
 Number of LUTs :                       13
 Number of accumulated instances :      14

************************************************************

Library: OPERATORS    Cell: add_11_1    View: IMPLEMENTATION

************************************************************

  Cell                   Library  References     Total Area

 VCC                     cycloneii     1 x
 cycloneii_lcell_comb    cycloneii    12 x      1     12 LUTs

 Number of ports :                      35
 Number of nets :                       35
 Number of instances :                  13
 Number of references to this view :     1

Total accumulated area : 
 Number of LUTs :                       12
 Number of accumulated instances :      13

************************************************************

Library: OPERATORS    Cell: sub_10_1    View: IMPLEMENTATION

************************************************************

  Cell                   Library  References     Total Area

 VCC                     cycloneii     1 x
 cycloneii_lcell_comb    cycloneii    10 x      1     10 LUTs

 Number of ports :                      32
 Number of nets :                       31
 Number of instances :                  11
 Number of references to this view :     1

Total accumulated area : 
 Number of LUTs :                       10
 Number of accumulated instances :      11

************************************************************

Library: OPERATORS    Cell: sub_10_0    View: IMPLEMENTATION

************************************************************

  Cell                   Library  References     Total Area

 VCC                     cycloneii     1 x
 cycloneii_lcell_comb    cycloneii    10 x      1     10 LUTs

 Number of ports :                      32
 Number of nets :                       31
 Number of instances :                  11
 Number of references to this view :     1

Total accumulated area : 
 Number of LUTs :                       10
 Number of accumulated instances :      11

***********************************************************

Library: OPERATORS    Cell: add_9_0    View: IMPLEMENTATION

***********************************************************

  Cell                   Library  References     Total Area

 VCC                     cycloneii     1 x
 cycloneii_lcell_comb    cycloneii    10 x      1     10 LUTs

 Number of ports :                      29
 Number of nets :                       37
 Number of instances :                  11
 Number of references to this view :     1

Total accumulated area : 
 Number of LUTs :                       10
 Number of accumulated instances :      11

***********************************************************

Library: OPERATORS    Cell: add_8_0    View: IMPLEMENTATION

***********************************************************

  Cell                   Library  References     Total Area

 VCC                     cycloneii     1 x
 cycloneii_lcell_comb    cycloneii     9 x      1      9 LUTs

 Number of ports :                      26
 Number of nets :                       34
 Number of instances :                  10
 Number of references to this view :     1

Total accumulated area : 
 Number of LUTs :                        9
 Number of accumulated instances :      10

***********************************************************

Library: OPERATORS    Cell: sub_8_0    View: IMPLEMENTATION

***********************************************************

  Cell                   Library  References     Total Area

 VCC                     cycloneii     1 x
 cycloneii_lcell_comb    cycloneii     8 x      1      8 LUTs

 Number of ports :                      26
 Number of nets :                       25
 Number of instances :                   9
 Number of references to this view :     1

Total accumulated area : 
 Number of LUTs :                        8
 Number of accumulated instances :       9

**********************************************************************

Library: OPERATORS    Cell: modgen_counter_8_1    View: IMPLEMENTATION

**********************************************************************

  Cell                   Library  References     Total Area

 VCC                     cycloneii     1 x
 cycloneii_lcell_comb    cycloneii     9 x      1      9 LUTs
 cycloneii_lcell_ff      cycloneii     8 x      1      8 Registers

 Number of ports :                      24
 Number of nets :                       29
 Number of instances :                  18
 Number of references to this view :     1

Total accumulated area : 
 Number of LUTs :                        9
 Number of Registers :                   8
 Number of accumulated instances :      18

**********************************************************************

Library: OPERATORS    Cell: modgen_counter_8_0    View: IMPLEMENTATION

**********************************************************************

  Cell                   Library  References     Total Area

 VCC                     cycloneii     1 x
 cycloneii_lcell_comb    cycloneii     9 x      1      9 LUTs
 cycloneii_lcell_ff      cycloneii     8 x      1      8 Registers

 Number of ports :                      25
 Number of nets :                       29
 Number of instances :                  18
 Number of references to this view :     1

Total accumulated area : 
 Number of LUTs :                        9
 Number of Registers :                   8
 Number of accumulated instances :      18

************************************************************

Library: OPERATORS    Cell: add_11_0    View: IMPLEMENTATION

************************************************************

  Cell                   Library  References     Total Area

 VCC                     cycloneii     1 x
 cycloneii_lcell_comb    cycloneii    11 x      1     11 LUTs

 Number of ports :                      35
 Number of nets :                       42
 Number of instances :                  12
 Number of references to this view :     1

Total accumulated area : 
 Number of LUTs :                       11
 Number of accumulated instances :      12

*******************************************************

Library: work    Cell: kirsch    View: main_unfold_1777

*******************************************************

  Cell                   Library  References     Total Area

 NOT                     cycloneii     9 x
 VCC                     cycloneii     1 x
 add_11_0                OPERATORS     1 x     11     11 LUTs
 add_11_1                OPERATORS     1 x     12     12 LUTs
 add_8_0                 OPERATORS     1 x      9      9 LUTs
 add_9_0                 OPERATORS     1 x     10     10 LUTs
 cycloneii_lcell_comb    cycloneii   139 x      1    139 LUTs
 cycloneii_lcell_ff      cycloneii   306 x      1    306 Registers
 modgen_counter_8_0      OPERATORS     1 x      9      9 LUTs
                                                8      8 Registers
 modgen_counter_8_1      OPERATORS     1 x      9      9 LUTs
                                                8      8 Registers
 ram_dq_8_0              OPERATORS     1 x   2048   2048 Memory Bits
 ram_dq_8_1              OPERATORS     1 x   2048   2048 Memory Bits
 ram_dq_8_2              OPERATORS     1 x   2048   2048 Memory Bits
 sub_10_0                OPERATORS     1 x     10     10 LUTs
 sub_10_1                OPERATORS     1 x     10     10 LUTs
 sub_12_0                OPERATORS     1 x     13     13 LUTs
 sub_8_0                 OPERATORS     1 x      8      8 LUTs

 Number of ports :                      98
 Number of nets :                      559
 Number of instances :                 468
 Number of references to this view :     1

Total accumulated area : 
 Number of LCs :                         0
 Number of LUTs :                      240
 Number of Memory Bits :              6144
 Number of Registers :                 322
 Number of accumulated instances :     588

***********************************************************************

Library: OPERATORS    Cell: modgen_counter_16_0    View: IMPLEMENTATION

***********************************************************************

  Cell                   Library  References     Total Area

 VCC                     cycloneii     1 x
 cycloneii_lcell_comb    cycloneii    16 x      1     16 LUTs
 cycloneii_lcell_ff      cycloneii    16 x      1     16 Registers

 Number of ports :                      40
 Number of nets :                       51
 Number of instances :                  33
 Number of references to this view :     1

Total accumulated area : 
 Number of LUTs :                       16
 Number of Registers :                  16
 Number of accumulated instances :      33

***********************************************************************

Library: OPERATORS    Cell: modgen_counter_12_0    View: IMPLEMENTATION

***********************************************************************

  Cell                   Library  References     Total Area

 VCC                     cycloneii     1 x
 cycloneii_lcell_comb    cycloneii    12 x      1     12 LUTs
 cycloneii_lcell_ff      cycloneii    12 x      1     12 Registers

 Number of ports :                      32
 Number of nets :                       39
 Number of instances :                  25
 Number of references to this view :     1

Total accumulated area : 
 Number of LUTs :                       12
 Number of Registers :                  12
 Number of accumulated instances :      25

***********************************************************************

Library: OPERATORS    Cell: modgen_counter_11_0    View: IMPLEMENTATION

***********************************************************************

  Cell                   Library  References     Total Area

 VCC                     cycloneii     1 x
 cycloneii_lcell_comb    cycloneii    11 x      1     11 LUTs
 cycloneii_lcell_ff      cycloneii    11 x      1     11 Registers

 Number of ports :                      30
 Number of nets :                       36
 Number of instances :                  23
 Number of references to this view :     1

Total accumulated area : 
 Number of LUTs :                       11
 Number of Registers :                  11
 Number of accumulated instances :      23

*****************************************************

Library: work    Cell: UARTS    View: RTL_unfold_1358

*****************************************************

  Cell                   Library  References     Total Area

 NOT                     cycloneii     2 x
 VCC                     cycloneii     1 x
 cycloneii_lcell_comb    cycloneii    62 x      1     62 LUTs
 cycloneii_lcell_ff      cycloneii    46 x      1     46 Registers
 modgen_counter_11_0     OPERATORS     1 x     11     11 LUTs
                                               11     11 Registers
 modgen_counter_12_0     OPERATORS     1 x     12     12 LUTs
                                               12     12 Registers

 Number of ports :                      29
 Number of nets :                      146
 Number of instances :                 113
 Number of references to this view :     1

Total accumulated area : 
 Number of LUTs :                       85
 Number of Registers :                  69
 Number of accumulated instances :     159

********************************************

Library: work    Cell: uw_uart    View: main

********************************************

  Cell                   Library  References     Total Area

 NOT                     cycloneii     1 x
 UARTS                   work          1 x     69     69 Registers
                                               85     85 LUTs
 VCC                     cycloneii     4 x
 cycloneii_lcell_comb    cycloneii    27 x      1     27 LUTs
 cycloneii_lcell_ff      cycloneii    25 x      1     25 Registers
 modgen_counter_16_0     OPERATORS     1 x     16     16 LUTs
                                               16     16 Registers

 Number of ports :                      27
 Number of nets :                       97
 Number of instances :                  59
 Number of references to this view :     1

Total accumulated area : 
 Number of LCs :                         0
 Number of LUTs :                      128
 Number of Registers :                 110
 Number of accumulated instances :     249

***********************************************

Library: work    Cell: top_kirsch    View: main

***********************************************

  Cell                   Library  References     Total Area

 GND                     cycloneii     1 x
 NOT                     cycloneii     2 x
 VCC                     cycloneii     1 x
 cycloneii_io            cycloneii    94 x      1     94 IOs
 cycloneii_lcell_comb    cycloneii    14 x      1     14 LUTs
 cycloneii_lcell_ff      cycloneii    15 x      1     15 Registers
 kirsch                  work          1 x      0      0 LCs
                                             6144   6144 Memory Bits
                                              322    322 Registers
                                              240    240 LUTs
 uw_uart                 work          1 x      0      0 LCs
                                              128    128 LUTs
                                              110    110 Registers

 Number of ports :                     115
 Number of nets :                      158
 Number of instances :                 129
 Number of references to this view :     0

Total accumulated area : 
 Number of IOs :                       115
 Number of LCs :                         0
 Number of LUTs :                      382
 Number of Memory Bits :              6144
 Number of Registers :                 447
 Number of accumulated instances :     964
